<?xml version="1.0" encoding="UTF-8"?>
<!-- Generated by org.testng.reporters.JUnitReportReporter -->
<testsuite hostname="TX717-7310MSL" name="testscripts.NewApplication.TC_NewApplication_HomePageValidation" tests="1" failures="0" timestamp="5 Oct 2017 14:37:39 GMT" time="10.224" errors="0">
  <testcase name="runTC_NewApplication_HomePageValidation" time="10.224" classname="testscripts.NewApplication.TC_NewApplication_HomePageValidation"/>
</testsuite> <!-- testscripts.NewApplication.TC_NewApplication_HomePageValidation -->
